<?xml version="1.0" encoding="UTF-8"?>
<!-- Generated by org.testng.reporters.JUnitReportReporter -->
<testsuite hostname="appledeMacBook-Pro-72.local" name="finup.feather.controller.HttpRequest_TestNG_New" tests="1" failures="0" timestamp="27 Aug 2018 09:44:56 GMT" time="0.000" errors="1">
  <testcase name="testMethod" time="0.000" classname="finup.feather.controller.HttpRequest_TestNG_New">
    <error type="java.lang.NullPointerException">
      <![CDATA[java.lang.NullPointerException
	at org.testng.internal.Invoker.injectParameters(Invoker.java:1249)
	at org.testng.internal.Invoker.invokeTestMethods(Invoker.java:1125)
	at org.testng.internal.TestMethodWorker.invokeTestMethods(TestMethodWorker.java:125)
	at org.testng.internal.TestMethodWorker.run(TestMethodWorker.java:108)
	at java.util.concurrent.ThreadPoolExecutor.runWorker(ThreadPoolExecutor.java:1142)
	at java.util.concurrent.ThreadPoolExecutor$Worker.run(ThreadPoolExecutor.java:617)
	at java.lang.Thread.run(Thread.java:745)
]]>
    </error>
  </testcase> <!-- testMethod -->
</testsuite> <!-- finup.feather.controller.HttpRequest_TestNG_New -->
