<?xml version="1.0" encoding="UTF-8"?>
<!-- Generated by org.testng.reporters.JUnitReportReporter -->
<testsuite hostname="appledeMacBook-Pro-72.local" name="finup.feather.controller.HttpRequest_TestNG_New" tests="20" failures="0" timestamp="16 Aug 2019 08:52:31 GMT" time="8.794" errors="0">
  <testcase name="testMethod" time="0.143" classname="finup.feather.controller.HttpRequest_TestNG_New"/>
  <testcase name="testMethod" time="1.339" classname="finup.feather.controller.HttpRequest_TestNG_New"/>
  <testcase name="testMethod" time="0.622" classname="finup.feather.controller.HttpRequest_TestNG_New"/>
  <testcase name="testMethod" time="0.143" classname="finup.feather.controller.HttpRequest_TestNG_New"/>
  <testcase name="testMethod" time="0.622" classname="finup.feather.controller.HttpRequest_TestNG_New"/>
  <testcase name="testMethod" time="0.243" classname="finup.feather.controller.HttpRequest_TestNG_New"/>
  <testcase name="testMethod" time="0.099" classname="finup.feather.controller.HttpRequest_TestNG_New"/>
  <testcase name="testMethod" time="0.307" classname="finup.feather.controller.HttpRequest_TestNG_New"/>
  <testcase name="testMethod" time="0.622" classname="finup.feather.controller.HttpRequest_TestNG_New"/>
  <testcase name="testMethod" time="0.622" classname="finup.feather.controller.HttpRequest_TestNG_New"/>
  <testcase name="testMethod" time="0.123" classname="finup.feather.controller.HttpRequest_TestNG_New"/>
  <testcase name="testMethod" time="0.160" classname="finup.feather.controller.HttpRequest_TestNG_New"/>
  <testcase name="testMethod" time="0.292" classname="finup.feather.controller.HttpRequest_TestNG_New"/>
  <testcase name="testMethod" time="0.624" classname="finup.feather.controller.HttpRequest_TestNG_New"/>
  <testcase name="testMethod" time="0.078" classname="finup.feather.controller.HttpRequest_TestNG_New"/>
  <testcase name="testMethod" time="0.643" classname="finup.feather.controller.HttpRequest_TestNG_New"/>
  <testcase name="testMethod" time="0.664" classname="finup.feather.controller.HttpRequest_TestNG_New"/>
  <testcase name="testMethod" time="0.679" classname="finup.feather.controller.HttpRequest_TestNG_New"/>
  <testcase name="testMethod" time="0.147" classname="finup.feather.controller.HttpRequest_TestNG_New"/>
  <testcase name="testMethod" time="0.622" classname="finup.feather.controller.HttpRequest_TestNG_New"/>
</testsuite> <!-- finup.feather.controller.HttpRequest_TestNG_New -->
